app/build/intermediates/manifest_merge_blame_file/release/processReleaseMainManifest/manifest-merger-blame-release-report.txt
1<?xml version="1.0" encoding="utf-8"?>
2<manifest xmlns:android="http://schemas.android.com/apk/res/android"
3    package="com.crowdshield.stampede"
4    android:versionCode="1"
5    android:versionName="1.0" >
6
7    <uses-sdk
8        android:minSdkVersion="26"
9        android:targetSdkVersion="34" />
10
11    <uses-permission android:name="android.permission.ACCESS_FINE_LOCATION" />
11-->src\main\AndroidManifest.xml:4:5-79
11-->src\main\AndroidManifest.xml:4:22-76
12    <uses-permission android:name="android.permission.ACCESS_COARSE_LOCATION" />
12-->src\main\AndroidManifest.xml:5:5-81
12-->src\main\AndroidManifest.xml:5:22-78
13    <uses-permission android:name="android.permission.POST_NOTIFICATIONS" />
13-->src\main\AndroidManifest.xml:6:5-77
13-->src\main\AndroidManifest.xml:6:22-74
14    <uses-permission android:name="android.permission.FOREGROUND_SERVICE" />
14-->src\main\AndroidManifest.xml:7:5-77
14-->src\main\AndroidManifest.xml:7:22-74
15    <uses-permission android:name="android.permission.FOREGROUND_SERVICE_LOCATION" />
15-->src\main\AndroidManifest.xml:8:5-86
15-->src\main\AndroidManifest.xml:8:22-83
16    <uses-permission android:name="android.permission.VIBRATE" />
16-->src\main\AndroidManifest.xml:9:5-66
16-->src\main\AndroidManifest.xml:9:22-63
17
18    <permission
18-->[androidx.core:core:1.13.1] AndroidManifest.xml:22:5-24:47
19        android:name="com.crowdshield.stampede.DYNAMIC_RECEIVER_NOT_EXPORTED_PERMISSION"
19-->[androidx.core:core:1.13.1] AndroidManifest.xml:23:9-81
20        android:protectionLevel="signature" />
20-->[androidx.core:core:1.13.1] AndroidManifest.xml:24:9-44
21
22    <uses-permission android:name="com.crowdshield.stampede.DYNAMIC_RECEIVER_NOT_EXPORTED_PERMISSION" />
22-->[androidx.core:core:1.13.1] AndroidManifest.xml:26:5-97
22-->[androidx.core:core:1.13.1] AndroidManifest.xml:26:22-94
23
24    <application
24-->src\main\AndroidManifest.xml:11:5-34:19
25        android:name="com.crowdshield.stampede.CrowdShieldApplication"
25-->src\main\AndroidManifest.xml:12:9-47
26        android:allowBackup="true"
26-->src\main\AndroidManifest.xml:13:9-35
27        android:appComponentFactory="androidx.core.app.CoreComponentFactory"
27-->[androidx.core:core:1.13.1] AndroidManifest.xml:28:18-86
28        android:extractNativeLibs="false"
29        android:icon="@mipmap/ic_launcher"
29-->src\main\AndroidManifest.xml:14:9-43
30        android:label="@string/app_name"
30-->src\main\AndroidManifest.xml:15:9-41
31        android:roundIcon="@mipmap/ic_launcher_round"
31-->src\main\AndroidManifest.xml:16:9-54
32        android:supportsRtl="true"
32-->src\main\AndroidManifest.xml:17:9-35
33        android:theme="@style/Theme.CrowdShield" >
33-->src\main\AndroidManifest.xml:18:9-49
34        <activity
34-->src\main\AndroidManifest.xml:19:9-27:20
35            android:name="com.crowdshield.stampede.ui.MainActivity"
35-->src\main\AndroidManifest.xml:20:13-44
36            android:exported="true"
36-->src\main\AndroidManifest.xml:21:13-36
37            android:theme="@style/Theme.CrowdShield" >
37-->src\main\AndroidManifest.xml:22:13-53
38            <intent-filter>
38-->src\main\AndroidManifest.xml:23:13-26:29
39                <action android:name="android.intent.action.MAIN" />
39-->src\main\AndroidManifest.xml:24:17-69
39-->src\main\AndroidManifest.xml:24:25-66
40
41                <category android:name="android.intent.category.LAUNCHER" />
41-->src\main\AndroidManifest.xml:25:17-77
41-->src\main\AndroidManifest.xml:25:27-74
42            </intent-filter>
43        </activity>
44
45        <service
45-->src\main\AndroidManifest.xml:29:9-33:56
46            android:name="com.crowdshield.stampede.service.CrowdMonitorService"
46-->src\main\AndroidManifest.xml:30:13-56
47            android:enabled="true"
47-->src\main\AndroidManifest.xml:31:13-35
48            android:exported="false"
48-->src\main\AndroidManifest.xml:32:13-37
49            android:foregroundServiceType="location" />
49-->src\main\AndroidManifest.xml:33:13-53
50
51        <activity
51-->[com.google.android.gms:play-services-base:18.3.0] AndroidManifest.xml:20:9-22:45
52            android:name="com.google.android.gms.common.api.GoogleApiActivity"
52-->[com.google.android.gms:play-services-base:18.3.0] AndroidManifest.xml:20:19-85
53            android:exported="false"
53-->[com.google.android.gms:play-services-base:18.3.0] AndroidManifest.xml:22:19-43
54            android:theme="@android:style/Theme.Translucent.NoTitleBar" />
54-->[com.google.android.gms:play-services-base:18.3.0] AndroidManifest.xml:21:19-78
55
56        <meta-data
56-->[com.google.android.gms:play-services-basement:18.3.0] AndroidManifest.xml:21:9-23:69
57            android:name="com.google.android.gms.version"
57-->[com.google.android.gms:play-services-basement:18.3.0] AndroidManifest.xml:22:13-58
58            android:value="@integer/google_play_services_version" />
58-->[com.google.android.gms:play-services-basement:18.3.0] AndroidManifest.xml:23:13-66
59
60        <provider
60-->[androidx.emoji2:emoji2:1.3.0] AndroidManifest.xml:24:9-32:20
61            android:name="androidx.startup.InitializationProvider"
61-->[androidx.emoji2:emoji2:1.3.0] AndroidManifest.xml:25:13-67
62            android:authorities="com.crowdshield.stampede.androidx-startup"
62-->[androidx.emoji2:emoji2:1.3.0] AndroidManifest.xml:26:13-68
63            android:exported="false" >
63-->[androidx.emoji2:emoji2:1.3.0] AndroidManifest.xml:27:13-37
64            <meta-data
64-->[androidx.emoji2:emoji2:1.3.0] AndroidManifest.xml:29:13-31:52
65                android:name="androidx.emoji2.text.EmojiCompatInitializer"
65-->[androidx.emoji2:emoji2:1.3.0] AndroidManifest.xml:30:17-75
66                android:value="androidx.startup" />
66-->[androidx.emoji2:emoji2:1.3.0] AndroidManifest.xml:31:17-49
67            <meta-data
67-->[androidx.lifecycle:lifecycle-process:2.8.7] AndroidManifest.xml:29:13-31:52
68                android:name="androidx.lifecycle.ProcessLifecycleInitializer"
68-->[androidx.lifecycle:lifecycle-process:2.8.7] AndroidManifest.xml:30:17-78
69                android:value="androidx.startup" />
69-->[androidx.lifecycle:lifecycle-process:2.8.7] AndroidManifest.xml:31:17-49
70            <meta-data
70-->[androidx.profileinstaller:profileinstaller:1.3.1] AndroidManifest.xml:29:13-31:52
71                android:name="androidx.profileinstaller.ProfileInstallerInitializer"
71-->[androidx.profileinstaller:profileinstaller:1.3.1] AndroidManifest.xml:30:17-85
72                android:value="androidx.startup" />
72-->[androidx.profileinstaller:profileinstaller:1.3.1] AndroidManifest.xml:31:17-49
73        </provider>
74
75        <service
75-->[androidx.room:room-runtime:2.6.1] AndroidManifest.xml:24:9-28:63
76            android:name="androidx.room.MultiInstanceInvalidationService"
76-->[androidx.room:room-runtime:2.6.1] AndroidManifest.xml:25:13-74
77            android:directBootAware="true"
77-->[androidx.room:room-runtime:2.6.1] AndroidManifest.xml:26:13-43
78            android:exported="false" />
78-->[androidx.room:room-runtime:2.6.1] AndroidManifest.xml:27:13-37
79
80        <receiver
80-->[androidx.profileinstaller:profileinstaller:1.3.1] AndroidManifest.xml:34:9-52:20
81            android:name="androidx.profileinstaller.ProfileInstallReceiver"
81-->[androidx.profileinstaller:profileinstaller:1.3.1] AndroidManifest.xml:35:13-76
82            android:directBootAware="false"
82-->[androidx.profileinstaller:profileinstaller:1.3.1] AndroidManifest.xml:36:13-44
83            android:enabled="true"
83-->[androidx.profileinstaller:profileinstaller:1.3.1] AndroidManifest.xml:37:13-35
84            android:exported="true"
84-->[androidx.profileinstaller:profileinstaller:1.3.1] AndroidManifest.xml:38:13-36
85            android:permission="android.permission.DUMP" >
85-->[androidx.profileinstaller:profileinstaller:1.3.1] AndroidManifest.xml:39:13-57
86            <intent-filter>
86-->[androidx.profileinstaller:profileinstaller:1.3.1] AndroidManifest.xml:40:13-42:29
87                <action android:name="androidx.profileinstaller.action.INSTALL_PROFILE" />
87-->[androidx.profileinstaller:profileinstaller:1.3.1] AndroidManifest.xml:41:17-91
87-->[androidx.profileinstaller:profileinstaller:1.3.1] AndroidManifest.xml:41:25-88
88            </intent-filter>
89            <intent-filter>
89-->[androidx.profileinstaller:profileinstaller:1.3.1] AndroidManifest.xml:43:13-45:29
90                <action android:name="androidx.profileinstaller.action.SKIP_FILE" />
90-->[androidx.profileinstaller:profileinstaller:1.3.1] AndroidManifest.xml:44:17-85
90-->[androidx.profileinstaller:profileinstaller:1.3.1] AndroidManifest.xml:44:25-82
91            </intent-filter>
92            <intent-filter>
92-->[androidx.profileinstaller:profileinstaller:1.3.1] AndroidManifest.xml:46:13-48:29
93                <action android:name="androidx.profileinstaller.action.SAVE_PROFILE" />
93-->[androidx.profileinstaller:profileinstaller:1.3.1] AndroidManifest.xml:47:17-88
93-->[androidx.profileinstaller:profileinstaller:1.3.1] AndroidManifest.xml:47:25-85
94            </intent-filter>
95            <intent-filter>
95-->[androidx.profileinstaller:profileinstaller:1.3.1] AndroidManifest.xml:49:13-51:29
96                <action android:name="androidx.profileinstaller.action.BENCHMARK_OPERATION" />
96-->[androidx.profileinstaller:profileinstaller:1.3.1] AndroidManifest.xml:50:17-95
96-->[androidx.profileinstaller:profileinstaller:1.3.1] AndroidManifest.xml:50:25-92
97            </intent-filter>
98        </receiver>
99    </application>
100
101</manifest>